<?xml version="1.0" encoding="UTF-8"?>
<!-- Generated by org.testng.reporters.JUnitReportReporter -->
<testsuite hostname="DESKTOP-BADJCCG" name="com.prod.Testcases.HomePageTestCase" tests="1" failures="0" timestamp="21 May 2018 11:51:27 GMT" time="40.707" errors="0">
  <testcase name="testSignIn" time="40.707" classname="com.prod.Testcases.HomePageTestCase"/>
</testsuite> <!-- com.prod.Testcases.HomePageTestCase -->
