<?xml version="1.0" encoding="UTF-8"?>
<!-- Generated by org.testng.reporters.JUnitReportReporter -->
<testsuite hostname="DESKTOP-BADJCCG" name="com.prod.Testcases.DashBoardTestCase" tests="1" failures="0" timestamp="17 Nov 2018 10:27:55 GMT" time="97.093" errors="0">
  <testcase name="testSignIn" time="97.093" classname="com.prod.Testcases.DashBoardTestCase"/>
</testsuite> <!-- com.prod.Testcases.DashBoardTestCase -->
